<?xml version="1.0" encoding="UTF-8"?>
<!-- Generated by org.testng.reporters.JUnitXMLReporter -->
<testsuite ignored="0" hostname="DESKTOP-K8PGBR9" failures="0" tests="5" name="Default test" time="8.195" errors="0" timestamp="2024-03-05T20:20:39 IST">
  <testcase classname="com.annotations.Test_Annotations" name="test1" time="0.053"/>
  <testcase classname="com.annotations.Test_Annotations" name="test1" time="0.003"/>
  <testcase classname="com.annotations.Test_Annotations" name="test" time="0.003"/>
  <testcase classname="com.annotations.Test_Annotations" name="test" time="0.005"/>
  <testcase classname="com.annotations.Test_Annotations" name="test" time="0.004"/>
</testsuite> <!-- Default test -->
