<?xml version="1.0" encoding="UTF-8"?>
<!-- Generated by org.testng.reporters.JUnitXMLReporter -->
<testsuite ignored="2" hostname="DESKTOP-K8PGBR9" failures="0" tests="2" name="Test" time="0.087" errors="0" timestamp="2023-12-28T08:59:29 IST">
  <testcase classname="com.testng.Groups_Test" name="signin" time="0.011"/>
  <testcase classname="com.testng.Groups_Test" name="pay" time="0.001"/>
  <testcase classname="com.testng.Groups_Test" name="buyroll" time="0.0">
    <ignored/>
  </testcase> <!-- buyroll -->
  <testcase classname="com.testng.Groups_Test" name="signout" time="0.0">
    <ignored/>
  </testcase> <!-- signout -->
</testsuite> <!-- Test -->
